<?xml version="1.0" encoding="UTF-8"?>
<!-- Generated by org.testng.reporters.JUnitXMLReporter -->
<testsuite hostname="DESKTOP-RIONQTI" name="Command line test" tests="5" failures="1" timestamp="20 Mar 2021 09:54:20 GMT" time="295.974" errors="0">
  <testcase name="loginUat" time="41.27" classname="ReactJsSanityTest.TC01_LoginTest"/>
  <testcase name="launchReactUat" time="45.319" classname="ReactJsSanityTest.TC02_LogOutTest"/>
  <testcase name="logOutUat" time="31.724" classname="ReactJsSanityTest.TC02_LogOutTest"/>
  <testcase name="loginUat" time="59.624" classname="ReactJsSanityTest.TC03_RegisterNewOnlineProfileTest"/>
  <testcase name="loginUat" time="117.923" classname="ReactJsSanityTest.TC04_TodaysDealTest">
    <failure type="java.lang.AssertionError" message="Price not updating Test Failed expected [R 499.00] but found [R 349.00]">
      <![CDATA[java.lang.AssertionError: Price not updating Test Failed expected [R 499.00] but found [R 349.00]
	at ReactJsSanityTest.TC04_TodaysDealTest.loginUat(TC04_TodaysDealTest.java:198)
... Removed 38 stack frames]]>
    </failure>
  </testcase> <!-- loginUat -->
</testsuite> <!-- Command line test -->
