{"name":"beforeMethod","status":"broken","statusDetails":{"known":false,"muted":false,"flaky":false,"message":"Timed out waiting for driver server to start.\nBuild info: version: '4.0.0-alpha-6', revision: '5f43a29cfc'\nSystem info: host: 'DESKTOP-RIONQTI', ip: '172.21.128.1', os.name: 'Windows 10', os.arch: 'amd64', os.version: '10.0', java.version: '1.8.0_241'\nDriver info: driver.version: ChromeDriver","trace":"org.openqa.selenium.WebDriverException: Timed out waiting for driver server to start.\nBuild info: version: '4.0.0-alpha-6', revision: '5f43a29cfc'\nSystem info: host: 'DESKTOP-RIONQTI', ip: '172.21.128.1', os.name: 'Windows 10', os.arch: 'amd64', os.version: '10.0', java.version: '1.8.0_241'\nDriver info: driver.version: ChromeDriver\r\n\tat org.openqa.selenium.remote.service.DriverService.start(DriverService.java:210)\r\n\tat org.openqa.selenium.remote.service.DriverCommandExecutor.execute(DriverCommandExecutor.java:79)\r\n\tat org.openqa.selenium.remote.RemoteWebDriver.execute(RemoteWebDriver.java:582)\r\n\tat org.openqa.selenium.remote.RemoteWebDriver.startSession(RemoteWebDriver.java:216)\r\n\tat org.openqa.selenium.remote.RemoteWebDriver.<init>(RemoteWebDriver.java:136)\r\n\tat org.openqa.selenium.chromium.ChromiumDriver.<init>(ChromiumDriver.java:75)\r\n\tat org.openqa.selenium.chrome.ChromeDriver.<init>(ChromeDriver.java:163)\r\n\tat org.openqa.selenium.chrome.ChromeDriver.<init>(ChromeDriver.java:150)\r\n\tat org.openqa.selenium.chrome.ChromeDriver.<init>(ChromeDriver.java:139)\r\n\tat com.basePackage.BaseClass.beforeMethod(BaseClass.java:63)\r\n\tat sun.reflect.NativeMethodAccessorImpl.invoke0(Native Method)\r\n\tat sun.reflect.NativeMethodAccessorImpl.invoke(Unknown Source)\r\n\tat sun.reflect.DelegatingMethodAccessorImpl.invoke(Unknown Source)\r\n\tat java.lang.reflect.Method.invoke(Unknown Source)\r\n\tat org.testng.internal.MethodInvocationHelper.invokeMethod(MethodInvocationHelper.java:133)\r\n\tat org.testng.internal.MethodInvocationHelper.invokeMethodConsideringTimeout(MethodInvocationHelper.java:62)\r\n\tat org.testng.internal.ConfigInvoker.invokeConfigurationMethod(ConfigInvoker.java:340)\r\n\tat org.testng.internal.ConfigInvoker.invokeConfigurations(ConfigInvoker.java:294)\r\n\tat org.testng.internal.TestInvoker.runConfigMethods(TestInvoker.java:683)\r\n\tat org.testng.internal.TestInvoker.invokeMethod(TestInvoker.java:510)\r\n\tat org.testng.internal.TestInvoker.invokeTestMethod(TestInvoker.java:172)\r\n\tat org.testng.internal.MethodRunner.runInSequence(MethodRunner.java:46)\r\n\tat org.testng.internal.TestInvoker$MethodInvocationAgent.invoke(TestInvoker.java:804)\r\n\tat org.testng.internal.TestInvoker.invokeTestMethods(TestInvoker.java:145)\r\n\tat org.testng.internal.TestMethodWorker.invokeTestMethods(TestMethodWorker.java:146)\r\n\tat org.testng.internal.TestMethodWorker.run(TestMethodWorker.java:128)\r\n\tat java.util.ArrayList.forEach(Unknown Source)\r\n\tat org.testng.TestRunner.privateRun(TestRunner.java:770)\r\n\tat org.testng.TestRunner.run(TestRunner.java:591)\r\n\tat org.testng.SuiteRunner.runTest(SuiteRunner.java:402)\r\n\tat org.testng.SuiteRunner.runSequentially(SuiteRunner.java:396)\r\n\tat org.testng.SuiteRunner.privateRun(SuiteRunner.java:355)\r\n\tat org.testng.SuiteRunner.run(SuiteRunner.java:304)\r\n\tat org.testng.SuiteRunnerWorker.runSuite(SuiteRunnerWorker.java:53)\r\n\tat org.testng.SuiteRunnerWorker.run(SuiteRunnerWorker.java:96)\r\n\tat org.testng.TestNG.runSuitesSequentially(TestNG.java:1180)\r\n\tat org.testng.TestNG.runSuitesLocally(TestNG.java:1102)\r\n\tat org.testng.TestNG.runSuites(TestNG.java:1032)\r\n\tat org.testng.TestNG.run(TestNG.java:1000)\r\n\tat org.testng.remote.AbstractRemoteTestNG.run(AbstractRemoteTestNG.java:115)\r\n\tat org.testng.remote.RemoteTestNG.initAndRun(RemoteTestNG.java:251)\r\n\tat org.testng.remote.RemoteTestNG.main(RemoteTestNG.java:77)\r\nCaused by: java.util.concurrent.ExecutionException: org.openqa.selenium.WebDriverException: java.lang.InterruptedException: Process timed out after waiting for 20000 ms.\nBuild info: version: '4.0.0-alpha-6', revision: '5f43a29cfc'\nSystem info: host: 'DESKTOP-RIONQTI', ip: '172.21.128.1', os.name: 'Windows 10', os.arch: 'amd64', os.version: '10.0', java.version: '1.8.0_241'\nDriver info: driver.version: unknown\r\n\tat java.util.concurrent.CompletableFuture.reportGet(Unknown Source)\r\n\tat java.util.concurrent.CompletableFuture.get(Unknown Source)\r\n\tat org.openqa.selenium.remote.service.DriverService.start(DriverService.java:204)\r\n\t... 41 more\r\nCaused by: org.openqa.selenium.WebDriverException: java.lang.InterruptedException: Process timed out after waiting for 20000 ms.\nBuild info: version: '4.0.0-alpha-6', revision: '5f43a29cfc'\nSystem info: host: 'DESKTOP-RIONQTI', ip: '172.21.128.1', os.name: 'Windows 10', os.arch: 'amd64', os.version: '10.0', java.version: '1.8.0_241'\nDriver info: driver.version: unknown\r\n\tat org.openqa.selenium.os.CommandLine.waitFor(CommandLine.java:130)\r\n\tat org.openqa.selenium.remote.service.DriverService.lambda$start$1(DriverService.java:198)\r\n\tat java.util.concurrent.CompletableFuture$AsyncSupply.run(Unknown Source)\r\n\tat java.util.concurrent.CompletableFuture$AsyncSupply.exec(Unknown Source)\r\n\tat java.util.concurrent.ForkJoinTask.doExec(Unknown Source)\r\n\tat java.util.concurrent.ForkJoinPool$WorkQueue.runTask(Unknown Source)\r\n\tat java.util.concurrent.ForkJoinPool.runWorker(Unknown Source)\r\n\tat java.util.concurrent.ForkJoinWorkerThread.run(Unknown Source)\r\nCaused by: java.lang.InterruptedException: Process timed out after waiting for 20000 ms.\r\n\tat org.openqa.selenium.os.OsProcess.waitFor(OsProcess.java:172)\r\n\tat org.openqa.selenium.os.CommandLine.waitFor(CommandLine.java:127)\r\n\t... 7 more\r\n"},"stage":"finished","steps":[],"attachments":[],"parameters":[],"start":1618953328514,"stop":1618953328514,"uuid":"f71bee12-c39a-4f4e-b368-028d7b743ee1","historyId":"22f02e40dba1ea6ba0a2e9fc635b0532","fullName":"com.basePackage.BaseClass.beforeMethod","labels":[{"name":"package","value":"ReactJsSanityTest.TC24_SizeChatClothingTest"},{"name":"testClass","value":"ReactJsSanityTest.TC24_SizeChatClothingTest"},{"name":"testMethod","value":"beforeMethod"},{"name":"parentSuite","value":"Suite"},{"name":"suite","value":"Test"},{"name":"subSuite","value":"ReactJsSanityTest.TC24_SizeChatClothingTest"},{"name":"host","value":"DESKTOP-RIONQTI"},{"name":"thread","value":"27480@DESKTOP-RIONQTI.main(1)"},{"name":"framework","value":"testng"},{"name":"language","value":"java"}],"links":[]}