<!DOCTYPE html PUBLIC "-//W3C//DTD XHTML 1.1//EN" "http://www.w3.org/TR/xhtml11/DTD/xhtml11.dtd">
<html xmlns="http://www.w3.org/1999/xhtml">
<head>
<meta http-equiv="content-type" content="text/html; charset=UTF-8"/>
<title>TestNG Report</title>
<style type="text/css">table {margin-bottom:10px;border-collapse:collapse;empty-cells:show}th,td {border:1px solid #009;padding:.25em .5em}th {vertical-align:bottom}td {vertical-align:top}table a {font-weight:bold}.stripe td {background-color: #E6EBF9}.num {text-align:right}.passedodd td {background-color: #3F3}.passedeven td {background-color: #0A0}.skippedodd td {background-color: #DDD}.skippedeven td {background-color: #CCC}.failedodd td,.attn {background-color: #F33}.failedeven td,.stripe .attn {background-color: #D00}.stacktrace {white-space:pre;font-family:monospace}.totop {font-size:85%;text-align:center;border-bottom:2px solid #000}.invisible {display:none}</style>
</head>
<body>
<table>
<tr><th>Test</th><th># Passed</th><th># Skipped</th><th># Retried</th><th># Failed</th><th>Time (ms)</th><th>Included Groups</th><th>Excluded Groups</th></tr>
<tr><th colspan="7">Suite</th></tr>
<tr><td><a href="#t0">Test</a></td><td class="num">62</td><td class="num attn">1</td><td class="num">0</td><td class="num attn">13</td><td class="num">5,596,309</td><td></td><td></td></tr>
</table>
<table id='summary'><thead><tr><th>Class</th><th>Method</th><th>Start</th><th>Time (ms)</th></tr></thead><tbody><tr><th colspan="4">Suite</th></tr></tbody><tbody id="t0"><tr><th colspan="4">Test &#8212; failed (configuration methods)</th></tr><tr class="failedeven"><td rowspan="1">ReactJsSanityTest.TC37_FurnitureCollectFromStoreGuestCheckOutTest</td><td><a href="#m0">beforeMethod</a></td><td rowspan="1">1619547028445</td><td rowspan="1">4662</td></tr><tr><th colspan="4">Test &#8212; failed</th></tr><tr class="failedeven"><td rowspan="1">ReactJsSanityTest.TC03_LogOutTest</td><td><a href="#m1">SingOutTest</a></td><td rowspan="1">1619547893222</td><td rowspan="1">35591</td></tr><tr class="failedodd"><td rowspan="1">ReactJsSanityTest.TC05_RegisterNewOnlineProfileFindMyCardTest</td><td><a href="#m2">registerNewOnline</a></td><td rowspan="1">1619542978567</td><td rowspan="1">15515</td></tr><tr class="failedeven"><td rowspan="1">ReactJsSanityTest.TC07_FurnitureCollectFromStoreLoggedInUserCheckOutTest</td><td><a href="#m3">checkOutFlow</a></td><td rowspan="1">1619545193948</td><td rowspan="1">115802</td></tr><tr class="failedodd"><td rowspan="2">ReactJsSanityTest.TC09_SitewideBagReminderTest</td><td><a href="#m4">sitewideClean</a></td><td rowspan="1">1619545816320</td><td rowspan="1">23078</td></tr><tr class="failedodd"><td><a href="#m5">sitewidePop</a></td><td rowspan="1">1619545743721</td><td rowspan="1">30988</td></tr><tr class="failedeven"><td rowspan="1">ReactJsSanityTest.TC13_PargoClothingLoggedInUserCheckOutE2ETest</td><td><a href="#m6">pargoTest</a></td><td rowspan="1">1619546530159</td><td rowspan="1">123659</td></tr><tr class="failedodd"><td rowspan="2">ReactJsSanityTest.TC20_SearchWithProductSkuAndIdTest</td><td><a href="#m7">searchWithProductIdTest</a></td><td rowspan="1">1619542626263</td><td rowspan="1">15335</td></tr><tr class="failedodd"><td><a href="#m8">searchWithProductSkuTest</a></td><td rowspan="1">1619542572468</td><td rowspan="1">15345</td></tr><tr class="failedeven"><td rowspan="1">ReactJsSanityTest.TC22_ClothingGuestCheckOutPargoE2ETest</td><td><a href="#m9">guestCheckOutE2ETest</a></td><td rowspan="1">1619543676281</td><td rowspan="1">174452</td></tr><tr class="failedodd"><td rowspan="1">ReactJsSanityTest.TC36_ClothingCollectFromStoreLoggedInUserTest</td><td><a href="#m10">checkOutClothingCollectFromSrore</a></td><td rowspan="1">1619545926108</td><td rowspan="1">127114</td></tr><tr class="failedeven"><td rowspan="1">ReactJsSanityTest.TC39_RegisterNewOnlineProfileCardForgorPasswordTest</td><td><a href="#m11">registerNewOnlineOTPTest</a></td><td rowspan="1">1619546359953</td><td rowspan="1">15778</td></tr><tr class="failedodd"><td rowspan="1">ReactJsSanityTest.TC40_CancelOrderTest</td><td><a href="#m12">orderCancelTest</a></td><td rowspan="1">1619547332337</td><td rowspan="1">26479</td></tr><tr class="failedeven"><td rowspan="1">ReactJsSanityTest.TC41_LoggedInUserPlaceOrderForTVTest</td><td><a href="#m13">placeOrderForTvTest</a></td><td rowspan="1">1619545533861</td><td rowspan="1">71130</td></tr><tr><th colspan="4">Test &#8212; skipped (configuration methods)</th></tr><tr class="skippedeven"><td rowspan="1">ReactJsSanityTest.TC37_FurnitureCollectFromStoreGuestCheckOutTest</td><td><a href="#m14">tearDown</a></td><td rowspan="1">1619547033131</td><td rowspan="1">-1619547033131</td></tr><tr><th colspan="4">Test &#8212; skipped</th></tr><tr class="skippedeven"><td rowspan="1">ReactJsSanityTest.TC37_FurnitureCollectFromStoreGuestCheckOutTest</td><td><a href="#m15">furnitureCollectFromStoreTest</a></td><td rowspan="1">1619547033123</td><td rowspan="1">0</td></tr><tr><th colspan="4">Test &#8212; passed</th></tr><tr class="passedeven"><td rowspan="2">ReactJsSanityTest.TC01_ViewBagTest</td><td><a href="#m16">clearItemsFromBag</a></td><td rowspan="1">1619543623343</td><td rowspan="1">22414</td></tr><tr class="passedeven"><td><a href="#m17">viewBagTest</a></td><td rowspan="1">1619543519195</td><td rowspan="1">61565</td></tr><tr class="passedodd"><td rowspan="1">ReactJsSanityTest.TC02_LoginWithYourOnlineProfileTest</td><td><a href="#m18">verifyLogin</a></td><td rowspan="1">1619542684271</td><td rowspan="1">10028</td></tr><tr class="passedeven"><td rowspan="1">ReactJsSanityTest.TC03_LogOutTest</td><td><a href="#m19">verifyImagesOnLogoutPage</a></td><td rowspan="1">1619547850247</td><td rowspan="1">5039</td></tr><tr class="passedodd"><td rowspan="2">ReactJsSanityTest.TC04_OurBestOffersForYouShowMeAllTest</td><td><a href="#m20">ourOffers</a></td><td rowspan="1">1619548005224</td><td rowspan="1">10306</td></tr><tr class="passedodd"><td><a href="#m21">verifyImagesOnHomePageTest</a></td><td rowspan="1">1619547965445</td><td rowspan="1">5056</td></tr><tr class="passedeven"><td rowspan="2">ReactJsSanityTest.TC06_TodaysDealTest</td><td><a href="#m22">todaysDeal</a></td><td rowspan="1">1619546986964</td><td rowspan="1">10065</td></tr><tr class="passedeven"><td><a href="#m23">verifyImagesOnTodaysDealPage</a></td><td rowspan="1">1619546948265</td><td rowspan="1">5086</td></tr><tr class="passedodd"><td rowspan="1">ReactJsSanityTest.TC07_FurnitureCollectFromStoreLoggedInUserCheckOutTest</td><td><a href="#m24">verifyImagesOnFurniturePage</a></td><td rowspan="1">1619545145908</td><td rowspan="1">5085</td></tr><tr class="passedeven"><td rowspan="2">ReactJsSanityTest.TC08_SearchWithProductNameTest</td><td><a href="#m25">searchUat</a></td><td rowspan="1">1619547273456</td><td rowspan="1">25697</td></tr><tr class="passedeven"><td><a href="#m26">verifyImagesOnSearchPage</a></td><td rowspan="1">1619547228939</td><td rowspan="1">5052</td></tr><tr class="passedodd"><td rowspan="2">ReactJsSanityTest.TC10_FurnitureAddItemToBagTest</td><td><a href="#m27">addItemToBag</a></td><td rowspan="1">1619546746017</td><td rowspan="1">63229</td></tr><tr class="passedodd"><td><a href="#m28">searchFurniture</a></td><td rowspan="1">1619546688287</td><td rowspan="1">21481</td></tr><tr class="passedeven"><td rowspan="2">ReactJsSanityTest.TC11_UpdateQtyTest</td><td><a href="#m29">updateQtyTest</a></td><td rowspan="1">1619544953663</td><td rowspan="1">86128</td></tr><tr class="passedeven"><td><a href="#m30">verifyQty</a></td><td rowspan="1">1619545080863</td><td rowspan="1">23192</td></tr><tr class="passedodd"><td rowspan="2">ReactJsSanityTest.TC12_SortAndFilterTest</td><td><a href="#m31">sortAndFilterTest</a></td><td rowspan="1">1619544631565</td><td rowspan="1">104420</td></tr><tr class="passedodd"><td><a href="#m32">verifysortAndFilterImages</a></td><td rowspan="1">1619544574622</td><td rowspan="1">5090</td></tr><tr class="passedeven"><td rowspan="1">ReactJsSanityTest.TC13_PargoClothingLoggedInUserCheckOutE2ETest</td><td><a href="#m33">verifyImagesOnPargoPage</a></td><td rowspan="1">1619546489942</td><td rowspan="1">5098</td></tr><tr class="passedodd"><td rowspan="2">ReactJsSanityTest.TC14_BrandFilterTest</td><td><a href="#m34">brandFilterTest</a></td><td rowspan="1">1619545404994</td><td rowspan="1">41590</td></tr><tr class="passedodd"><td><a href="#m35">verifyImagesOnBrandFilterPage</a></td><td rowspan="1">1619545353947</td><td rowspan="1">5055</td></tr><tr class="passedeven"><td rowspan="1">ReactJsSanityTest.TC15_VerifyItemsInBagTest</td><td><a href="#m36">verifyItemsInBag</a></td><td rowspan="1">1619546849323</td><td rowspan="1">60474</td></tr><tr class="passedodd"><td rowspan="1">ReactJsSanityTest.TC16_AddItemToWishListTest</td><td><a href="#m37">wishListTest</a></td><td rowspan="1">1619543974203</td><td rowspan="1">76659</td></tr><tr class="passedeven"><td rowspan="1">ReactJsSanityTest.TC17_InstallmentCalcTest</td><td><a href="#m38">installmentCalcTest</a></td><td rowspan="1">1619544355881</td><td rowspan="1">60690</td></tr><tr class="passedodd"><td rowspan="3">ReactJsSanityTest.TC18_ContinueShoppingTest</td><td><a href="#m39">clearKidsItemsFromBag</a></td><td rowspan="1">1619542822456</td><td rowspan="1">23518</td></tr><tr class="passedodd"><td><a href="#m40">continueShopping</a></td><td rowspan="1">1619542893151</td><td rowspan="1">21391</td></tr><tr class="passedodd"><td><a href="#m41">viewBagKidsTest</a></td><td rowspan="1">1619542741666</td><td rowspan="1">36460</td></tr><tr class="passedeven"><td rowspan="2">ReactJsSanityTest.TC19_StoreLocatorTest</td><td><a href="#m42">storeLocatorTest</a></td><td rowspan="1">1619543451295</td><td rowspan="1">25601</td></tr><tr class="passedeven"><td><a href="#m43">verifyImagesOnStoreLocatorPage</a></td><td rowspan="1">1619543410577</td><td rowspan="1">5038</td></tr><tr class="passedodd"><td rowspan="1">ReactJsSanityTest.TC21_GuestContinueWithoutLoggingInTest</td><td><a href="#m44">continueWithoutLoggingInTest</a></td><td rowspan="1">1619546398034</td><td rowspan="1">55930</td></tr><tr class="passedeven"><td rowspan="2">ReactJsSanityTest.TC23_SizeChatShoesTest</td><td><a href="#m45">verifyImagesOnSizeChatPage</a></td><td rowspan="1">1619546180437</td><td rowspan="1">5094</td></tr><tr class="passedeven"><td><a href="#m46">verifySizeChatShoesTest</a></td><td rowspan="1">1619546219853</td><td rowspan="1">57078</td></tr><tr class="passedodd"><td rowspan="1">ReactJsSanityTest.TC24_SizeChatClothingTest</td><td><a href="#m47">verifySizeChatClothingTest</a></td><td rowspan="1">1619543896885</td><td rowspan="1">37140</td></tr><tr class="passedeven"><td rowspan="2">ReactJsSanityTest.TC25_AddItemToCartGiftFlowersTest</td><td><a href="#m48">addItemToCartTest</a></td><td rowspan="1">1619547398062</td><td rowspan="1">56436</td></tr><tr class="passedeven"><td><a href="#m49">verifyItemInCart</a></td><td rowspan="1">1619547488072</td><td rowspan="1">20533</td></tr><tr class="passedodd"><td rowspan="1">ReactJsSanityTest.TC26_VerifyProductInformationTest</td><td><a href="#m50">productInformationTest</a></td><td rowspan="1">1619546086991</td><td rowspan="1">59198</td></tr><tr class="passedeven"><td rowspan="3">ReactJsSanityTest.TC27_ProductDeliveryInformationTest</td><td><a href="#m51">paymentOptionsTest</a></td><td rowspan="1">1619543238515</td><td rowspan="1">48072</td></tr><tr class="passedeven"><td><a href="#m52">productDeliveryInformationTest</a></td><td rowspan="1">1619543150147</td><td rowspan="1">48129</td></tr><tr class="passedeven"><td><a href="#m53">returnsInformationTest</a></td><td rowspan="1">1619543322626</td><td rowspan="1">53114</td></tr><tr class="passedodd"><td rowspan="2">ReactJsSanityTest.TC28_MyAccountVerifyWishListTest</td><td><a href="#m54">removeItemFromWishListTest</a></td><td rowspan="1">1619544874852</td><td rowspan="1">31135</td></tr><tr class="passedodd"><td><a href="#m55">verifyWishListTest</a></td><td rowspan="1">1619544780369</td><td rowspan="1">48264</td></tr><tr class="passedeven"><td rowspan="3">ReactJsSanityTest.TC29_AddSameItemToCartTwiceTest</td><td><a href="#m56">addSameItemToCartAgain</a></td><td rowspan="1">1619544183448</td><td rowspan="1">60600</td></tr><tr class="passedeven"><td><a href="#m57">addSameItemToCartTwiceTest</a></td><td rowspan="1">1619544092313</td><td rowspan="1">55668</td></tr><tr class="passedeven"><td><a href="#m58">verifySameItemAddedTwiceInCart</a></td><td rowspan="1">1619544286665</td><td rowspan="1">27543</td></tr><tr class="passedodd"><td rowspan="1">ReactJsSanityTest.TC30_LoginWithFacebookTest</td><td><a href="#m59">loginViaFacebookTest</a></td><td rowspan="1">1619547181023</td><td rowspan="1">8063</td></tr><tr class="passedeven"><td rowspan="4">ReactJsSanityTest.TC31_AddMultipleItemsToBagTest</td><td><a href="#m60">addMultipleItemsToBagTest</a></td><td rowspan="1">1619547541447</td><td rowspan="1">55534</td></tr><tr class="passedeven"><td><a href="#m61">addOtherCategoryItemToBag</a></td><td rowspan="1">1619547631486</td><td rowspan="1">61572</td></tr><tr class="passedeven"><td><a href="#m62">validateMultipleItemsAddedInBag</a></td><td rowspan="1">1619547786381</td><td rowspan="1">27544</td></tr><tr class="passedeven"><td><a href="#m63">verifyMultipleItemsAddedInBag</a></td><td rowspan="1">1619547731842</td><td rowspan="1">17518</td></tr><tr class="passedodd"><td rowspan="2">ReactJsSanityTest.TC32_MyProfileTest</td><td><a href="#m64">verifyImagesOnPage</a></td><td rowspan="1">1619544457375</td><td rowspan="1">6016</td></tr><tr class="passedodd"><td><a href="#m65">verifyMyProfileTest</a></td><td rowspan="1">1619544498454</td><td rowspan="1">32044</td></tr><tr class="passedeven"><td rowspan="2">ReactJsSanityTest.TC33_MyAccountTest</td><td><a href="#m66">verifyImagesOnPage</a></td><td rowspan="1">1619548050640</td><td rowspan="1">5048</td></tr><tr class="passedeven"><td><a href="#m67">verifyMyAccountTest</a></td><td rowspan="1">1619548093239</td><td rowspan="1">25382</td></tr><tr class="passedodd"><td rowspan="2">ReactJsSanityTest.TC34_MyAddressTest</td><td><a href="#m68">verifyImagesOnPage</a></td><td rowspan="1">1619543037296</td><td rowspan="1">5085</td></tr><tr class="passedodd"><td><a href="#m69">verifyMyAddressTest</a></td><td rowspan="1">1619543084719</td><td rowspan="1">25418</td></tr><tr class="passedeven"><td rowspan="2">ReactJsSanityTest.TC35_MyRewardsTest</td><td><a href="#m70">verifyImagesOnPage</a></td><td rowspan="1">1619545638805</td><td rowspan="1">5078</td></tr><tr class="passedeven"><td><a href="#m71">verifyMyRewardsTest</a></td><td rowspan="1">1619545682952</td><td rowspan="1">25848</td></tr><tr class="passedodd"><td rowspan="1">ReactJsSanityTest.TC36_ClothingCollectFromStoreLoggedInUserTest</td><td><a href="#m72">verifyClothingImagesOnPage</a></td><td rowspan="1">1619545879605</td><td rowspan="1">5056</td></tr><tr class="passedeven"><td rowspan="1">ReactJsSanityTest.TC37_FurnitureCollectFromStoreGuestCheckOutTest</td><td><a href="#m73">verifyFurnitureImagesOnPage</a></td><td rowspan="1">1619547022147</td><td rowspan="1">5084</td></tr><tr class="passedodd"><td rowspan="2">ReactJsSanityTest.TC38_LoginForgotPasswordTest</td><td><a href="#m74">verifyImagesOnLoginPage</a></td><td rowspan="1">1619547074173</td><td rowspan="1">5041</td></tr><tr class="passedodd"><td><a href="#m75">verifyLoginForgotPasswordTest</a></td><td rowspan="1">1619547112291</td><td rowspan="1">27804</td></tr><tr class="passedeven"><td rowspan="1">ReactJsSanityTest.TC39_RegisterNewOnlineProfileCardForgorPasswordTest</td><td><a href="#m76">verifyImagesOnLoginPage</a></td><td rowspan="1">1619546312482</td><td rowspan="1">5101</td></tr><tr class="passedodd"><td rowspan="1">ReactJsSanityTest.TC41_LoggedInUserPlaceOrderForTVTest</td><td><a href="#m77">verifyImagesOnTvPage</a></td><td rowspan="1">1619545487528</td><td rowspan="1">5056</td></tr></tbody>
</table>
<h2>Test</h2><h3 id="m0">ReactJsSanityTest.TC37_FurnitureCollectFromStoreGuestCheckOutTest#beforeMethod</h3><table class="result"><tr><th>Messages</th></tr><tr><td><div class="messages">=====Browser Session Started=====</div></td></tr><tr><th>Exception</th></tr><tr><td><div class="stacktrace">org.openqa.selenium.WebDriverException: disconnected: Unable to receive message from renderer
  (Session info: chrome=90.0.4430.93)
Build info: version: &apos;4.0.0-alpha-6&apos;, revision: &apos;5f43a29cfc&apos;
System info: host: &apos;DESKTOP-RIONQTI&apos;, ip: &apos;172.25.80.1&apos;, os.name: &apos;Windows 10&apos;, os.arch: &apos;amd64&apos;, os.version: &apos;10.0&apos;, java.version: &apos;1.8.0_241&apos;
Driver info: org.openqa.selenium.chrome.ChromeDriver
Capabilities {acceptInsecureCerts: false, browserName: chrome, browserVersion: 90.0.4430.93, chrome: {chromedriverVersion: 90.0.4430.24 (4c6d850f087da..., userDataDir: C:\Users\jaffa\AppData\Loca...}, goog:chromeOptions: {debuggerAddress: localhost:56006}, javascriptEnabled: true, networkConnectionEnabled: false, pageLoadStrategy: normal, platform: WINDOWS, platformName: WINDOWS, proxy: Proxy(), setWindowRect: true, strictFileInteractability: false, timeouts: {implicit: 0, pageLoad: 300000, script: 30000}, unhandledPromptBehavior: dismiss and notify, webauthn:extension:largeBlob: true, webauthn:virtualAuthenticators: true}
Session ID: 5f591a8aee7a9ccd4326e9f96b9985b8
	at org.openqa.selenium.remote.codec.w3c.W3CHttpResponseCodec.createException(W3CHttpResponseCodec.java:196)
	at org.openqa.selenium.remote.codec.w3c.W3CHttpResponseCodec.decode(W3CHttpResponseCodec.java:129)
	at org.openqa.selenium.remote.codec.w3c.W3CHttpResponseCodec.decode(W3CHttpResponseCodec.java:53)
	at org.openqa.selenium.remote.HttpCommandExecutor.execute(HttpCommandExecutor.java:160)
	at org.openqa.selenium.remote.service.DriverCommandExecutor.execute(DriverCommandExecutor.java:83)
	at org.openqa.selenium.remote.RemoteWebDriver.execute(RemoteWebDriver.java:582)
	at org.openqa.selenium.remote.RemoteWebDriver.get(RemoteWebDriver.java:282)
	at com.basePackage.BaseClass1.beforeMethod(BaseClass1.java:55)
	at java.util.ArrayList.forEach(Unknown Source)
... Removed 35 stack frames</div></td></tr></table><p class="totop"><a href="#summary">back to summary</a></p>
<h3 id="m1">ReactJsSanityTest.TC03_LogOutTest#SingOutTest</h3><table class="result"><tr><th>Exception</th></tr><tr><td><div class="stacktrace">org.openqa.selenium.NoSuchElementException: no such element: Unable to locate element: {&quot;method&quot;:&quot;xpath&quot;,&quot;selector&quot;:&quot;//h1[normalize-space()=&apos;How would you like to log in?&apos;]&quot;}
  (Session info: chrome=90.0.4430.93)
For documentation on this error, please visit: https://selenium.dev/exceptions/#no_such_element
Build info: version: &apos;4.0.0-alpha-6&apos;, revision: &apos;5f43a29cfc&apos;
System info: host: &apos;DESKTOP-RIONQTI&apos;, ip: &apos;172.25.80.1&apos;, os.name: &apos;Windows 10&apos;, os.arch: &apos;amd64&apos;, os.version: &apos;10.0&apos;, java.version: &apos;1.8.0_241&apos;
Driver info: org.openqa.selenium.chrome.ChromeDriver
Capabilities {acceptInsecureCerts: false, browserName: chrome, browserVersion: 90.0.4430.93, chrome: {chromedriverVersion: 90.0.4430.24 (4c6d850f087da..., userDataDir: C:\Users\jaffa\AppData\Loca...}, goog:chromeOptions: {debuggerAddress: localhost:50833}, javascriptEnabled: true, networkConnectionEnabled: false, pageLoadStrategy: normal, platform: WINDOWS, platformName: WINDOWS, proxy: Proxy(), setWindowRect: true, strictFileInteractability: false, timeouts: {implicit: 0, pageLoad: 300000, script: 30000}, unhandledPromptBehavior: dismiss and notify, webauthn:extension:largeBlob: true, webauthn:virtualAuthenticators: true}
Session ID: 10176d66bb27d967d22b4c8ff77d6f4b
*** Element info: {Using=xpath, value=//h1[normalize-space()=&apos;How would you like to log in?&apos;]}
	at org.openqa.selenium.remote.codec.w3c.W3CHttpResponseCodec.createException(W3CHttpResponseCodec.java:196)
	at org.openqa.selenium.remote.codec.w3c.W3CHttpResponseCodec.decode(W3CHttpResponseCodec.java:129)
	at org.openqa.selenium.remote.codec.w3c.W3CHttpResponseCodec.decode(W3CHttpResponseCodec.java:53)
	at org.openqa.selenium.remote.HttpCommandExecutor.execute(HttpCommandExecutor.java:160)
	at org.openqa.selenium.remote.service.DriverCommandExecutor.execute(DriverCommandExecutor.java:83)
	at org.openqa.selenium.remote.RemoteWebDriver.execute(RemoteWebDriver.java:582)
	at org.openqa.selenium.remote.RemoteWebDriver.findElement(RemoteWebDriver.java:333)
	at org.openqa.selenium.remote.RemoteWebDriver.findElementByXPath(RemoteWebDriver.java:451)
	at org.openqa.selenium.By$ByXPath.findElement(By.java:394)
	at org.openqa.selenium.remote.RemoteWebDriver.findElement(RemoteWebDriver.java:325)
	at ReactJsSanityTest.TC03_LogOutTest.SingOutTest(TC03_LogOutTest.java:70)
	at java.util.ArrayList.forEach(Unknown Source)
... Removed 31 stack frames</div></td></tr></table><p class="totop"><a href="#summary">back to summary</a></p>
<h3 id="m2">ReactJsSanityTest.TC05_RegisterNewOnlineProfileFindMyCardTest#registerNewOnline</h3><table class="result"><tr><th>Exception</th></tr><tr><td><div class="stacktrace">org.openqa.selenium.NoSuchElementException: no such element: Unable to locate element: {&quot;method&quot;:&quot;xpath&quot;,&quot;selector&quot;:&quot;//button[normalize-space()=&apos;Register a new online profile&apos;]&quot;}
  (Session info: chrome=90.0.4430.93)
For documentation on this error, please visit: https://selenium.dev/exceptions/#no_such_element
Build info: version: &apos;4.0.0-alpha-6&apos;, revision: &apos;5f43a29cfc&apos;
System info: host: &apos;DESKTOP-RIONQTI&apos;, ip: &apos;172.25.80.1&apos;, os.name: &apos;Windows 10&apos;, os.arch: &apos;amd64&apos;, os.version: &apos;10.0&apos;, java.version: &apos;1.8.0_241&apos;
Driver info: org.openqa.selenium.chrome.ChromeDriver
Capabilities {acceptInsecureCerts: false, browserName: chrome, browserVersion: 90.0.4430.93, chrome: {chromedriverVersion: 90.0.4430.24 (4c6d850f087da..., userDataDir: C:\Users\jaffa\AppData\Loca...}, goog:chromeOptions: {debuggerAddress: localhost:53083}, javascriptEnabled: true, networkConnectionEnabled: false, pageLoadStrategy: normal, platform: WINDOWS, platformName: WINDOWS, proxy: Proxy(), setWindowRect: true, strictFileInteractability: false, timeouts: {implicit: 0, pageLoad: 300000, script: 30000}, unhandledPromptBehavior: dismiss and notify, webauthn:extension:largeBlob: true, webauthn:virtualAuthenticators: true}
Session ID: ba2c22d944a33689bca8a42046498a40
*** Element info: {Using=xpath, value=//button[normalize-space()=&apos;Register a new online profile&apos;]}
	at org.openqa.selenium.remote.codec.w3c.W3CHttpResponseCodec.createException(W3CHttpResponseCodec.java:196)
	at org.openqa.selenium.remote.codec.w3c.W3CHttpResponseCodec.decode(W3CHttpResponseCodec.java:129)
	at org.openqa.selenium.remote.codec.w3c.W3CHttpResponseCodec.decode(W3CHttpResponseCodec.java:53)
	at org.openqa.selenium.remote.HttpCommandExecutor.execute(HttpCommandExecutor.java:160)
	at org.openqa.selenium.remote.service.DriverCommandExecutor.execute(DriverCommandExecutor.java:83)
	at org.openqa.selenium.remote.RemoteWebDriver.execute(RemoteWebDriver.java:582)
	at org.openqa.selenium.remote.RemoteWebDriver.findElement(RemoteWebDriver.java:333)
	at org.openqa.selenium.remote.RemoteWebDriver.findElementByXPath(RemoteWebDriver.java:451)
	at org.openqa.selenium.By$ByXPath.findElement(By.java:394)
	at org.openqa.selenium.remote.RemoteWebDriver.findElement(RemoteWebDriver.java:325)
	at ReactJsSanityTest.TC05_RegisterNewOnlineProfileFindMyCardTest.registerNewOnline(TC05_RegisterNewOnlineProfileFindMyCardTest.java:48)
	at java.util.ArrayList.forEach(Unknown Source)
... Removed 31 stack frames</div></td></tr></table><p class="totop"><a href="#summary">back to summary</a></p>
<h3 id="m3">ReactJsSanityTest.TC07_FurnitureCollectFromStoreLoggedInUserCheckOutTest#checkOutFlow</h3><table class="result"><tr><th>Exception</th></tr><tr><td><div class="stacktrace">org.openqa.selenium.NoSuchElementException: no such element: Unable to locate element: {&quot;method&quot;:&quot;xpath&quot;,&quot;selector&quot;:&quot;//input[@id=&apos;checkout__delivery-collect__number&apos;]&quot;}
  (Session info: chrome=90.0.4430.93)
For documentation on this error, please visit: https://selenium.dev/exceptions/#no_such_element
Build info: version: &apos;4.0.0-alpha-6&apos;, revision: &apos;5f43a29cfc&apos;
System info: host: &apos;DESKTOP-RIONQTI&apos;, ip: &apos;172.25.80.1&apos;, os.name: &apos;Windows 10&apos;, os.arch: &apos;amd64&apos;, os.version: &apos;10.0&apos;, java.version: &apos;1.8.0_241&apos;
Driver info: org.openqa.selenium.chrome.ChromeDriver
Capabilities {acceptInsecureCerts: false, browserName: chrome, browserVersion: 90.0.4430.93, chrome: {chromedriverVersion: 90.0.4430.24 (4c6d850f087da..., userDataDir: C:\Users\jaffa\AppData\Loca...}, goog:chromeOptions: {debuggerAddress: localhost:54714}, javascriptEnabled: true, networkConnectionEnabled: false, pageLoadStrategy: normal, platform: WINDOWS, platformName: WINDOWS, proxy: Proxy(), setWindowRect: true, strictFileInteractability: false, timeouts: {implicit: 0, pageLoad: 300000, script: 30000}, unhandledPromptBehavior: dismiss and notify, webauthn:extension:largeBlob: true, webauthn:virtualAuthenticators: true}
Session ID: 46f4c3ffa7e88ed2b727b51b0276c54a
*** Element info: {Using=xpath, value=//input[@id=&apos;checkout__delivery-collect__number&apos;]}
	at org.openqa.selenium.remote.codec.w3c.W3CHttpResponseCodec.createException(W3CHttpResponseCodec.java:196)
	at org.openqa.selenium.remote.codec.w3c.W3CHttpResponseCodec.decode(W3CHttpResponseCodec.java:129)
	at org.openqa.selenium.remote.codec.w3c.W3CHttpResponseCodec.decode(W3CHttpResponseCodec.java:53)
	at org.openqa.selenium.remote.HttpCommandExecutor.execute(HttpCommandExecutor.java:160)
	at org.openqa.selenium.remote.service.DriverCommandExecutor.execute(DriverCommandExecutor.java:83)
	at org.openqa.selenium.remote.RemoteWebDriver.execute(RemoteWebDriver.java:582)
	at org.openqa.selenium.remote.RemoteWebDriver.findElement(RemoteWebDriver.java:333)
	at org.openqa.selenium.remote.RemoteWebDriver.findElementByXPath(RemoteWebDriver.java:451)
	at org.openqa.selenium.By$ByXPath.findElement(By.java:394)
	at org.openqa.selenium.remote.RemoteWebDriver.findElement(RemoteWebDriver.java:325)
	at ReactJsSanityTest.TC07_FurnitureCollectFromStoreLoggedInUserCheckOutTest.checkOutFlow(TC07_FurnitureCollectFromStoreLoggedInUserCheckOutTest.java:182)
	at java.util.ArrayList.forEach(Unknown Source)
... Removed 31 stack frames</div></td></tr></table><p class="totop"><a href="#summary">back to summary</a></p>
<h3 id="m4">ReactJsSanityTest.TC09_SitewideBagReminderTest#sitewideClean</h3><table class="result"><tr><th>Exception</th></tr><tr><td><div class="stacktrace">org.openqa.selenium.NoSuchElementException: no such element: Unable to locate element: {&quot;method&quot;:&quot;xpath&quot;,&quot;selector&quot;:&quot;//h4[normalize-space()=&apos;YOUR SHOPPING BAG IS EMPTY&apos;]&quot;}
  (Session info: chrome=90.0.4430.93)
For documentation on this error, please visit: https://selenium.dev/exceptions/#no_such_element
Build info: version: &apos;4.0.0-alpha-6&apos;, revision: &apos;5f43a29cfc&apos;
System info: host: &apos;DESKTOP-RIONQTI&apos;, ip: &apos;172.25.80.1&apos;, os.name: &apos;Windows 10&apos;, os.arch: &apos;amd64&apos;, os.version: &apos;10.0&apos;, java.version: &apos;1.8.0_241&apos;
Driver info: org.openqa.selenium.chrome.ChromeDriver
Capabilities {acceptInsecureCerts: false, browserName: chrome, browserVersion: 90.0.4430.93, chrome: {chromedriverVersion: 90.0.4430.24 (4c6d850f087da..., userDataDir: C:\Users\jaffa\AppData\Loca...}, goog:chromeOptions: {debuggerAddress: localhost:55135}, javascriptEnabled: true, networkConnectionEnabled: false, pageLoadStrategy: normal, platform: WINDOWS, platformName: WINDOWS, proxy: Proxy(), setWindowRect: true, strictFileInteractability: false, timeouts: {implicit: 0, pageLoad: 300000, script: 30000}, unhandledPromptBehavior: dismiss and notify, webauthn:extension:largeBlob: true, webauthn:virtualAuthenticators: true}
Session ID: 1b10560e111eed55070ba8d22a803795
*** Element info: {Using=xpath, value=//h4[normalize-space()=&apos;YOUR SHOPPING BAG IS EMPTY&apos;]}
	at org.openqa.selenium.remote.codec.w3c.W3CHttpResponseCodec.createException(W3CHttpResponseCodec.java:196)
	at org.openqa.selenium.remote.codec.w3c.W3CHttpResponseCodec.decode(W3CHttpResponseCodec.java:129)
	at org.openqa.selenium.remote.codec.w3c.W3CHttpResponseCodec.decode(W3CHttpResponseCodec.java:53)
	at org.openqa.selenium.remote.HttpCommandExecutor.execute(HttpCommandExecutor.java:160)
	at org.openqa.selenium.remote.service.DriverCommandExecutor.execute(DriverCommandExecutor.java:83)
	at org.openqa.selenium.remote.RemoteWebDriver.execute(RemoteWebDriver.java:582)
	at org.openqa.selenium.remote.RemoteWebDriver.findElement(RemoteWebDriver.java:333)
	at org.openqa.selenium.remote.RemoteWebDriver.findElementByXPath(RemoteWebDriver.java:451)
	at org.openqa.selenium.By$ByXPath.findElement(By.java:394)
	at org.openqa.selenium.remote.RemoteWebDriver.findElement(RemoteWebDriver.java:325)
	at ReactJsSanityTest.TC09_SitewideBagReminderTest.sitewideClean(TC09_SitewideBagReminderTest.java:134)
	at java.util.ArrayList.forEach(Unknown Source)
... Removed 31 stack frames</div></td></tr></table><p class="totop"><a href="#summary">back to summary</a></p>
<h3 id="m5">ReactJsSanityTest.TC09_SitewideBagReminderTest#sitewidePop</h3><table class="result"><tr><th>Exception</th></tr><tr><td><div class="stacktrace">org.openqa.selenium.ElementNotInteractableException: element not interactable
  (Session info: chrome=90.0.4430.93)
Build info: version: &apos;4.0.0-alpha-6&apos;, revision: &apos;5f43a29cfc&apos;
System info: host: &apos;DESKTOP-RIONQTI&apos;, ip: &apos;172.25.80.1&apos;, os.name: &apos;Windows 10&apos;, os.arch: &apos;amd64&apos;, os.version: &apos;10.0&apos;, java.version: &apos;1.8.0_241&apos;
Driver info: org.openqa.selenium.chrome.ChromeDriver
Capabilities {acceptInsecureCerts: false, browserName: chrome, browserVersion: 90.0.4430.93, chrome: {chromedriverVersion: 90.0.4430.24 (4c6d850f087da..., userDataDir: C:\Users\jaffa\AppData\Loca...}, goog:chromeOptions: {debuggerAddress: localhost:55091}, javascriptEnabled: true, networkConnectionEnabled: false, pageLoadStrategy: normal, platform: WINDOWS, platformName: WINDOWS, proxy: Proxy(), setWindowRect: true, strictFileInteractability: false, timeouts: {implicit: 0, pageLoad: 300000, script: 30000}, unhandledPromptBehavior: dismiss and notify, webauthn:extension:largeBlob: true, webauthn:virtualAuthenticators: true}
Session ID: 5c4c7b75eb801d37734b8cac7bf5a431
	at org.openqa.selenium.remote.codec.w3c.W3CHttpResponseCodec.createException(W3CHttpResponseCodec.java:196)
	at org.openqa.selenium.remote.codec.w3c.W3CHttpResponseCodec.decode(W3CHttpResponseCodec.java:129)
	at org.openqa.selenium.remote.codec.w3c.W3CHttpResponseCodec.decode(W3CHttpResponseCodec.java:53)
	at org.openqa.selenium.remote.HttpCommandExecutor.execute(HttpCommandExecutor.java:160)
	at org.openqa.selenium.remote.service.DriverCommandExecutor.execute(DriverCommandExecutor.java:83)
	at org.openqa.selenium.remote.RemoteWebDriver.execute(RemoteWebDriver.java:582)
	at org.openqa.selenium.remote.RemoteWebElement.execute(RemoteWebElement.java:316)
	at org.openqa.selenium.remote.RemoteWebElement.click(RemoteWebElement.java:85)
	at ReactJsSanityTest.TC09_SitewideBagReminderTest.sitewidePop(TC09_SitewideBagReminderTest.java:75)
	at java.util.ArrayList.forEach(Unknown Source)
... Removed 31 stack frames</div></td></tr></table><p class="totop"><a href="#summary">back to summary</a></p>
<h3 id="m6">ReactJsSanityTest.TC13_PargoClothingLoggedInUserCheckOutE2ETest#pargoTest</h3><table class="result"><tr><th>Exception</th></tr><tr><td><div class="stacktrace">org.openqa.selenium.NoSuchElementException: no such element: Unable to locate element: {&quot;method&quot;:&quot;xpath&quot;,&quot;selector&quot;:&quot;//input[@id=&apos;paymentMethodsCREDITCARD_TOKEN0.cvv&apos;]&quot;}
  (Session info: chrome=90.0.4430.93)
For documentation on this error, please visit: https://selenium.dev/exceptions/#no_such_element
Build info: version: &apos;4.0.0-alpha-6&apos;, revision: &apos;5f43a29cfc&apos;
System info: host: &apos;DESKTOP-RIONQTI&apos;, ip: &apos;172.25.80.1&apos;, os.name: &apos;Windows 10&apos;, os.arch: &apos;amd64&apos;, os.version: &apos;10.0&apos;, java.version: &apos;1.8.0_241&apos;
Driver info: org.openqa.selenium.chrome.ChromeDriver
Capabilities {acceptInsecureCerts: false, browserName: chrome, browserVersion: 90.0.4430.93, chrome: {chromedriverVersion: 90.0.4430.24 (4c6d850f087da..., userDataDir: C:\Users\jaffa\AppData\Loca...}, goog:chromeOptions: {debuggerAddress: localhost:55671}, javascriptEnabled: true, networkConnectionEnabled: false, pageLoadStrategy: normal, platform: WINDOWS, platformName: WINDOWS, proxy: Proxy(), setWindowRect: true, strictFileInteractability: false, timeouts: {implicit: 0, pageLoad: 300000, script: 30000}, unhandledPromptBehavior: dismiss and notify, webauthn:extension:largeBlob: true, webauthn:virtualAuthenticators: true}
Session ID: 3527127ee0578a9b016e35140e8c1ea2
*** Element info: {Using=xpath, value=//input[@id=&apos;paymentMethodsCREDITCARD_TOKEN0.cvv&apos;]}
	at org.openqa.selenium.remote.codec.w3c.W3CHttpResponseCodec.createException(W3CHttpResponseCodec.java:196)
	at org.openqa.selenium.remote.codec.w3c.W3CHttpResponseCodec.decode(W3CHttpResponseCodec.java:129)
	at org.openqa.selenium.remote.codec.w3c.W3CHttpResponseCodec.decode(W3CHttpResponseCodec.java:53)
	at org.openqa.selenium.remote.HttpCommandExecutor.execute(HttpCommandExecutor.java:160)
	at org.openqa.selenium.remote.service.DriverCommandExecutor.execute(DriverCommandExecutor.java:83)
	at org.openqa.selenium.remote.RemoteWebDriver.execute(RemoteWebDriver.java:582)
	at org.openqa.selenium.remote.RemoteWebDriver.findElement(RemoteWebDriver.java:333)
	at org.openqa.selenium.remote.RemoteWebDriver.findElementByXPath(RemoteWebDriver.java:451)
	at org.openqa.selenium.By$ByXPath.findElement(By.java:394)
	at org.openqa.selenium.remote.RemoteWebDriver.findElement(RemoteWebDriver.java:325)
	at ReactJsSanityTest.TC13_PargoClothingLoggedInUserCheckOutE2ETest.pargoTest(TC13_PargoClothingLoggedInUserCheckOutE2ETest.java:181)
	at java.util.ArrayList.forEach(Unknown Source)
... Removed 31 stack frames</div></td></tr></table><p class="totop"><a href="#summary">back to summary</a></p>
<h3 id="m7">ReactJsSanityTest.TC20_SearchWithProductSkuAndIdTest#searchWithProductIdTest</h3><table class="result"><tr><th>Exception</th></tr><tr><td><div class="stacktrace">java.lang.AssertionError: Search with Product ID and SKU JIRA Ticket is Logged with Zensar
	at ReactJsSanityTest.TC20_SearchWithProductSkuAndIdTest.searchWithProductIdTest(TC20_SearchWithProductSkuAndIdTest.java:97)
	at java.util.ArrayList.forEach(Unknown Source)
... Removed 28 stack frames</div></td></tr></table><p class="totop"><a href="#summary">back to summary</a></p>
<h3 id="m8">ReactJsSanityTest.TC20_SearchWithProductSkuAndIdTest#searchWithProductSkuTest</h3><table class="result"><tr><th>Exception</th></tr><tr><td><div class="stacktrace">java.lang.AssertionError: Search with Product ID and SKU JIRA Ticket is Logged with Zensar
	at ReactJsSanityTest.TC20_SearchWithProductSkuAndIdTest.searchWithProductSkuTest(TC20_SearchWithProductSkuAndIdTest.java:58)
	at java.util.ArrayList.forEach(Unknown Source)
... Removed 28 stack frames</div></td></tr></table><p class="totop"><a href="#summary">back to summary</a></p>
<h3 id="m9">ReactJsSanityTest.TC22_ClothingGuestCheckOutPargoE2ETest#guestCheckOutE2ETest</h3><table class="result"><tr><th>Exception</th></tr><tr><td><div class="stacktrace">org.openqa.selenium.NoSuchElementException: no such element: Unable to locate element: {&quot;method&quot;:&quot;xpath&quot;,&quot;selector&quot;:&quot;/html/body/div[3]/div/div[2]/div/div[3]/div[1]/label/input&quot;}
  (Session info: chrome=90.0.4430.93)
For documentation on this error, please visit: https://selenium.dev/exceptions/#no_such_element
Build info: version: &apos;4.0.0-alpha-6&apos;, revision: &apos;5f43a29cfc&apos;
System info: host: &apos;DESKTOP-RIONQTI&apos;, ip: &apos;172.25.80.1&apos;, os.name: &apos;Windows 10&apos;, os.arch: &apos;amd64&apos;, os.version: &apos;10.0&apos;, java.version: &apos;1.8.0_241&apos;
Driver info: org.openqa.selenium.chrome.ChromeDriver
Capabilities {acceptInsecureCerts: false, browserName: chrome, browserVersion: 90.0.4430.93, chrome: {chromedriverVersion: 90.0.4430.24 (4c6d850f087da..., userDataDir: C:\Users\jaffa\AppData\Loca...}, goog:chromeOptions: {debuggerAddress: localhost:53697}, javascriptEnabled: true, networkConnectionEnabled: false, pageLoadStrategy: normal, platform: WINDOWS, platformName: WINDOWS, proxy: Proxy(), setWindowRect: true, strictFileInteractability: false, timeouts: {implicit: 0, pageLoad: 300000, script: 30000}, unhandledPromptBehavior: dismiss and notify, webauthn:extension:largeBlob: true, webauthn:virtualAuthenticators: true}
Session ID: 1e91ca9876c0feecd1b902b5ffc1431a
*** Element info: {Using=xpath, value=/html/body/div[3]/div/div[2]/div/div[3]/div[1]/label/input}
	at org.openqa.selenium.remote.codec.w3c.W3CHttpResponseCodec.createException(W3CHttpResponseCodec.java:196)
	at org.openqa.selenium.remote.codec.w3c.W3CHttpResponseCodec.decode(W3CHttpResponseCodec.java:129)
	at org.openqa.selenium.remote.codec.w3c.W3CHttpResponseCodec.decode(W3CHttpResponseCodec.java:53)
	at org.openqa.selenium.remote.HttpCommandExecutor.execute(HttpCommandExecutor.java:160)
	at org.openqa.selenium.remote.service.DriverCommandExecutor.execute(DriverCommandExecutor.java:83)
	at org.openqa.selenium.remote.RemoteWebDriver.execute(RemoteWebDriver.java:582)
	at org.openqa.selenium.remote.RemoteWebDriver.findElement(RemoteWebDriver.java:333)
	at org.openqa.selenium.remote.RemoteWebDriver.findElementByXPath(RemoteWebDriver.java:451)
	at org.openqa.selenium.By$ByXPath.findElement(By.java:394)
	at org.openqa.selenium.remote.RemoteWebDriver.findElement(RemoteWebDriver.java:325)
	at ReactJsSanityTest.TC22_ClothingGuestCheckOutPargoE2ETest.guestCheckOutE2ETest(TC22_ClothingGuestCheckOutPargoE2ETest.java:173)
	at java.util.ArrayList.forEach(Unknown Source)
... Removed 31 stack frames</div></td></tr></table><p class="totop"><a href="#summary">back to summary</a></p>
<h3 id="m10">ReactJsSanityTest.TC36_ClothingCollectFromStoreLoggedInUserTest#checkOutClothingCollectFromSrore</h3><table class="result"><tr><th>Exception</th></tr><tr><td><div class="stacktrace">org.openqa.selenium.NoSuchElementException: no such element: Unable to locate element: {&quot;method&quot;:&quot;xpath&quot;,&quot;selector&quot;:&quot;//input[@id=&apos;paymentMethodsCREDITCARD_TOKEN0.cvv&apos;]&quot;}
  (Session info: chrome=90.0.4430.93)
For documentation on this error, please visit: https://selenium.dev/exceptions/#no_such_element
Build info: version: &apos;4.0.0-alpha-6&apos;, revision: &apos;5f43a29cfc&apos;
System info: host: &apos;DESKTOP-RIONQTI&apos;, ip: &apos;172.25.80.1&apos;, os.name: &apos;Windows 10&apos;, os.arch: &apos;amd64&apos;, os.version: &apos;10.0&apos;, java.version: &apos;1.8.0_241&apos;
Driver info: org.openqa.selenium.chrome.ChromeDriver
Capabilities {acceptInsecureCerts: false, browserName: chrome, browserVersion: 90.0.4430.93, chrome: {chromedriverVersion: 90.0.4430.24 (4c6d850f087da..., userDataDir: C:\Users\jaffa\AppData\Loca...}, goog:chromeOptions: {debuggerAddress: localhost:55221}, javascriptEnabled: true, networkConnectionEnabled: false, pageLoadStrategy: normal, platform: WINDOWS, platformName: WINDOWS, proxy: Proxy(), setWindowRect: true, strictFileInteractability: false, timeouts: {implicit: 0, pageLoad: 300000, script: 30000}, unhandledPromptBehavior: dismiss and notify, webauthn:extension:largeBlob: true, webauthn:virtualAuthenticators: true}
Session ID: 27e81a36f4ff224d93d643a2b94926a7
*** Element info: {Using=xpath, value=//input[@id=&apos;paymentMethodsCREDITCARD_TOKEN0.cvv&apos;]}
	at org.openqa.selenium.remote.codec.w3c.W3CHttpResponseCodec.createException(W3CHttpResponseCodec.java:196)
	at org.openqa.selenium.remote.codec.w3c.W3CHttpResponseCodec.decode(W3CHttpResponseCodec.java:129)
	at org.openqa.selenium.remote.codec.w3c.W3CHttpResponseCodec.decode(W3CHttpResponseCodec.java:53)
	at org.openqa.selenium.remote.HttpCommandExecutor.execute(HttpCommandExecutor.java:160)
	at org.openqa.selenium.remote.service.DriverCommandExecutor.execute(DriverCommandExecutor.java:83)
	at org.openqa.selenium.remote.RemoteWebDriver.execute(RemoteWebDriver.java:582)
	at org.openqa.selenium.remote.RemoteWebDriver.findElement(RemoteWebDriver.java:333)
	at org.openqa.selenium.remote.RemoteWebDriver.findElementByXPath(RemoteWebDriver.java:451)
	at org.openqa.selenium.By$ByXPath.findElement(By.java:394)
	at org.openqa.selenium.remote.RemoteWebDriver.findElement(RemoteWebDriver.java:325)
	at ReactJsSanityTest.TC36_ClothingCollectFromStoreLoggedInUserTest.checkOutClothingCollectFromSrore(TC36_ClothingCollectFromStoreLoggedInUserTest.java:168)
	at java.util.ArrayList.forEach(Unknown Source)
... Removed 31 stack frames</div></td></tr></table><p class="totop"><a href="#summary">back to summary</a></p>
<h3 id="m11">ReactJsSanityTest.TC39_RegisterNewOnlineProfileCardForgorPasswordTest#registerNewOnlineOTPTest</h3><table class="result"><tr><th>Exception</th></tr><tr><td><div class="stacktrace">org.openqa.selenium.NoSuchElementException: no such element: Unable to locate element: {&quot;method&quot;:&quot;xpath&quot;,&quot;selector&quot;:&quot;//button[normalize-space()=&apos;Register a new online profile&apos;]&quot;}
  (Session info: chrome=90.0.4430.93)
For documentation on this error, please visit: https://selenium.dev/exceptions/#no_such_element
Build info: version: &apos;4.0.0-alpha-6&apos;, revision: &apos;5f43a29cfc&apos;
System info: host: &apos;DESKTOP-RIONQTI&apos;, ip: &apos;172.25.80.1&apos;, os.name: &apos;Windows 10&apos;, os.arch: &apos;amd64&apos;, os.version: &apos;10.0&apos;, java.version: &apos;1.8.0_241&apos;
Driver info: org.openqa.selenium.chrome.ChromeDriver
Capabilities {acceptInsecureCerts: false, browserName: chrome, browserVersion: 90.0.4430.93, chrome: {chromedriverVersion: 90.0.4430.24 (4c6d850f087da..., userDataDir: C:\Users\jaffa\AppData\Loca...}, goog:chromeOptions: {debuggerAddress: localhost:55499}, javascriptEnabled: true, networkConnectionEnabled: false, pageLoadStrategy: normal, platform: WINDOWS, platformName: WINDOWS, proxy: Proxy(), setWindowRect: true, strictFileInteractability: false, timeouts: {implicit: 0, pageLoad: 300000, script: 30000}, unhandledPromptBehavior: dismiss and notify, webauthn:extension:largeBlob: true, webauthn:virtualAuthenticators: true}
Session ID: 494302108b2ba37c912e867c44bf36ac
*** Element info: {Using=xpath, value=//button[normalize-space()=&apos;Register a new online profile&apos;]}
	at org.openqa.selenium.remote.codec.w3c.W3CHttpResponseCodec.createException(W3CHttpResponseCodec.java:196)
	at org.openqa.selenium.remote.codec.w3c.W3CHttpResponseCodec.decode(W3CHttpResponseCodec.java:129)
	at org.openqa.selenium.remote.codec.w3c.W3CHttpResponseCodec.decode(W3CHttpResponseCodec.java:53)
	at org.openqa.selenium.remote.HttpCommandExecutor.execute(HttpCommandExecutor.java:160)
	at org.openqa.selenium.remote.service.DriverCommandExecutor.execute(DriverCommandExecutor.java:83)
	at org.openqa.selenium.remote.RemoteWebDriver.execute(RemoteWebDriver.java:582)
	at org.openqa.selenium.remote.RemoteWebDriver.findElement(RemoteWebDriver.java:333)
	at org.openqa.selenium.remote.RemoteWebDriver.findElementByXPath(RemoteWebDriver.java:451)
	at org.openqa.selenium.By$ByXPath.findElement(By.java:394)
	at org.openqa.selenium.remote.RemoteWebDriver.findElement(RemoteWebDriver.java:325)
	at ReactJsSanityTest.TC39_RegisterNewOnlineProfileCardForgorPasswordTest.registerNewOnlineOTPTest(TC39_RegisterNewOnlineProfileCardForgorPasswordTest.java:68)
	at java.util.ArrayList.forEach(Unknown Source)
... Removed 31 stack frames</div></td></tr></table><p class="totop"><a href="#summary">back to summary</a></p>
<h3 id="m12">ReactJsSanityTest.TC40_CancelOrderTest#orderCancelTest</h3><table class="result"><tr><th>Exception</th></tr><tr><td><div class="stacktrace">java.lang.AssertionError: We seem to be having a technical problem error
	at ReactJsSanityTest.TC40_CancelOrderTest.orderCancelTest(TC40_CancelOrderTest.java:56)
	at java.util.ArrayList.forEach(Unknown Source)
... Removed 28 stack frames</div></td></tr></table><p class="totop"><a href="#summary">back to summary</a></p>
<h3 id="m13">ReactJsSanityTest.TC41_LoggedInUserPlaceOrderForTVTest#placeOrderForTvTest</h3><table class="result"><tr><th>Exception</th></tr><tr><td><div class="stacktrace">org.openqa.selenium.ElementClickInterceptedException: element click intercepted: Element &lt;div class=&quot;radio-group__label-container&quot;&gt;...&lt;/div&gt; is not clickable at point (237, 567). Other element would receive the click: &lt;div class=&quot;modal fade show&quot; role=&quot;dialog&quot; tabindex=&quot;-1&quot; style=&quot;display: block;&quot;&gt;...&lt;/div&gt;
  (Session info: chrome=90.0.4430.93)
Build info: version: &apos;4.0.0-alpha-6&apos;, revision: &apos;5f43a29cfc&apos;
System info: host: &apos;DESKTOP-RIONQTI&apos;, ip: &apos;172.25.80.1&apos;, os.name: &apos;Windows 10&apos;, os.arch: &apos;amd64&apos;, os.version: &apos;10.0&apos;, java.version: &apos;1.8.0_241&apos;
Driver info: org.openqa.selenium.chrome.ChromeDriver
Capabilities {acceptInsecureCerts: false, browserName: chrome, browserVersion: 90.0.4430.93, chrome: {chromedriverVersion: 90.0.4430.24 (4c6d850f087da..., userDataDir: C:\Users\jaffa\AppData\Loca...}, goog:chromeOptions: {debuggerAddress: localhost:54946}, javascriptEnabled: true, networkConnectionEnabled: false, pageLoadStrategy: normal, platform: WINDOWS, platformName: WINDOWS, proxy: Proxy(), setWindowRect: true, strictFileInteractability: false, timeouts: {implicit: 0, pageLoad: 300000, script: 30000}, unhandledPromptBehavior: dismiss and notify, webauthn:extension:largeBlob: true, webauthn:virtualAuthenticators: true}
Session ID: e08641c30754b076e1671722c5f83413
	at org.openqa.selenium.remote.codec.w3c.W3CHttpResponseCodec.createException(W3CHttpResponseCodec.java:196)
	at org.openqa.selenium.remote.codec.w3c.W3CHttpResponseCodec.decode(W3CHttpResponseCodec.java:129)
	at org.openqa.selenium.remote.codec.w3c.W3CHttpResponseCodec.decode(W3CHttpResponseCodec.java:53)
	at org.openqa.selenium.remote.HttpCommandExecutor.execute(HttpCommandExecutor.java:160)
	at org.openqa.selenium.remote.service.DriverCommandExecutor.execute(DriverCommandExecutor.java:83)
	at org.openqa.selenium.remote.RemoteWebDriver.execute(RemoteWebDriver.java:582)
	at org.openqa.selenium.remote.RemoteWebElement.execute(RemoteWebElement.java:316)
	at org.openqa.selenium.remote.RemoteWebElement.click(RemoteWebElement.java:85)
	at ReactJsSanityTest.TC41_LoggedInUserPlaceOrderForTVTest.placeOrderForTvTest(TC41_LoggedInUserPlaceOrderForTVTest.java:134)
	at java.util.ArrayList.forEach(Unknown Source)
... Removed 31 stack frames</div></td></tr></table><p class="totop"><a href="#summary">back to summary</a></p>
<h3 id="m14">ReactJsSanityTest.TC37_FurnitureCollectFromStoreGuestCheckOutTest#tearDown</h3><table class="result"><tr><th class="invisible"/></tr></table><p class="totop"><a href="#summary">back to summary</a></p>
<h3 id="m15">ReactJsSanityTest.TC37_FurnitureCollectFromStoreGuestCheckOutTest#furnitureCollectFromStoreTest</h3><table class="result"><tr><th>Exception</th></tr><tr><td><div class="stacktrace">org.openqa.selenium.WebDriverException: disconnected: Unable to receive message from renderer
  (Session info: chrome=90.0.4430.93)
Build info: version: &apos;4.0.0-alpha-6&apos;, revision: &apos;5f43a29cfc&apos;
System info: host: &apos;DESKTOP-RIONQTI&apos;, ip: &apos;172.25.80.1&apos;, os.name: &apos;Windows 10&apos;, os.arch: &apos;amd64&apos;, os.version: &apos;10.0&apos;, java.version: &apos;1.8.0_241&apos;
Driver info: org.openqa.selenium.chrome.ChromeDriver
Capabilities {acceptInsecureCerts: false, browserName: chrome, browserVersion: 90.0.4430.93, chrome: {chromedriverVersion: 90.0.4430.24 (4c6d850f087da..., userDataDir: C:\Users\jaffa\AppData\Loca...}, goog:chromeOptions: {debuggerAddress: localhost:56006}, javascriptEnabled: true, networkConnectionEnabled: false, pageLoadStrategy: normal, platform: WINDOWS, platformName: WINDOWS, proxy: Proxy(), setWindowRect: true, strictFileInteractability: false, timeouts: {implicit: 0, pageLoad: 300000, script: 30000}, unhandledPromptBehavior: dismiss and notify, webauthn:extension:largeBlob: true, webauthn:virtualAuthenticators: true}
Session ID: 5f591a8aee7a9ccd4326e9f96b9985b8
	at org.openqa.selenium.remote.codec.w3c.W3CHttpResponseCodec.createException(W3CHttpResponseCodec.java:196)
	at org.openqa.selenium.remote.codec.w3c.W3CHttpResponseCodec.decode(W3CHttpResponseCodec.java:129)
	at org.openqa.selenium.remote.codec.w3c.W3CHttpResponseCodec.decode(W3CHttpResponseCodec.java:53)
	at org.openqa.selenium.remote.HttpCommandExecutor.execute(HttpCommandExecutor.java:160)
	at org.openqa.selenium.remote.service.DriverCommandExecutor.execute(DriverCommandExecutor.java:83)
	at org.openqa.selenium.remote.RemoteWebDriver.execute(RemoteWebDriver.java:582)
	at org.openqa.selenium.remote.RemoteWebDriver.get(RemoteWebDriver.java:282)
	at com.basePackage.BaseClass1.beforeMethod(BaseClass1.java:55)
	at java.util.ArrayList.forEach(Unknown Source)
... Removed 35 stack frames</div></td></tr></table><p class="totop"><a href="#summary">back to summary</a></p>
<h3 id="m16">ReactJsSanityTest.TC01_ViewBagTest#clearItemsFromBag</h3><table class="result"><tr><th class="invisible"/></tr></table><p class="totop"><a href="#summary">back to summary</a></p>
<h3 id="m17">ReactJsSanityTest.TC01_ViewBagTest#viewBagTest</h3><table class="result"><tr><th class="invisible"/></tr></table><p class="totop"><a href="#summary">back to summary</a></p>
<h3 id="m18">ReactJsSanityTest.TC02_LoginWithYourOnlineProfileTest#verifyLogin</h3><table class="result"><tr><th class="invisible"/></tr></table><p class="totop"><a href="#summary">back to summary</a></p>
<h3 id="m19">ReactJsSanityTest.TC03_LogOutTest#verifyImagesOnLogoutPage</h3><table class="result"><tr><th class="invisible"/></tr></table><p class="totop"><a href="#summary">back to summary</a></p>
<h3 id="m20">ReactJsSanityTest.TC04_OurBestOffersForYouShowMeAllTest#ourOffers</h3><table class="result"><tr><th class="invisible"/></tr></table><p class="totop"><a href="#summary">back to summary</a></p>
<h3 id="m21">ReactJsSanityTest.TC04_OurBestOffersForYouShowMeAllTest#verifyImagesOnHomePageTest</h3><table class="result"><tr><th class="invisible"/></tr></table><p class="totop"><a href="#summary">back to summary</a></p>
<h3 id="m22">ReactJsSanityTest.TC06_TodaysDealTest#todaysDeal</h3><table class="result"><tr><th class="invisible"/></tr></table><p class="totop"><a href="#summary">back to summary</a></p>
<h3 id="m23">ReactJsSanityTest.TC06_TodaysDealTest#verifyImagesOnTodaysDealPage</h3><table class="result"><tr><th class="invisible"/></tr></table><p class="totop"><a href="#summary">back to summary</a></p>
<h3 id="m24">ReactJsSanityTest.TC07_FurnitureCollectFromStoreLoggedInUserCheckOutTest#verifyImagesOnFurniturePage</h3><table class="result"><tr><th class="invisible"/></tr></table><p class="totop"><a href="#summary">back to summary</a></p>
<h3 id="m25">ReactJsSanityTest.TC08_SearchWithProductNameTest#searchUat</h3><table class="result"><tr><th class="invisible"/></tr></table><p class="totop"><a href="#summary">back to summary</a></p>
<h3 id="m26">ReactJsSanityTest.TC08_SearchWithProductNameTest#verifyImagesOnSearchPage</h3><table class="result"><tr><th class="invisible"/></tr></table><p class="totop"><a href="#summary">back to summary</a></p>
<h3 id="m27">ReactJsSanityTest.TC10_FurnitureAddItemToBagTest#addItemToBag</h3><table class="result"><tr><th class="invisible"/></tr></table><p class="totop"><a href="#summary">back to summary</a></p>
<h3 id="m28">ReactJsSanityTest.TC10_FurnitureAddItemToBagTest#searchFurniture</h3><table class="result"><tr><th class="invisible"/></tr></table><p class="totop"><a href="#summary">back to summary</a></p>
<h3 id="m29">ReactJsSanityTest.TC11_UpdateQtyTest#updateQtyTest</h3><table class="result"><tr><th class="invisible"/></tr></table><p class="totop"><a href="#summary">back to summary</a></p>
<h3 id="m30">ReactJsSanityTest.TC11_UpdateQtyTest#verifyQty</h3><table class="result"><tr><th class="invisible"/></tr></table><p class="totop"><a href="#summary">back to summary</a></p>
<h3 id="m31">ReactJsSanityTest.TC12_SortAndFilterTest#sortAndFilterTest</h3><table class="result"><tr><th class="invisible"/></tr></table><p class="totop"><a href="#summary">back to summary</a></p>
<h3 id="m32">ReactJsSanityTest.TC12_SortAndFilterTest#verifysortAndFilterImages</h3><table class="result"><tr><th class="invisible"/></tr></table><p class="totop"><a href="#summary">back to summary</a></p>
<h3 id="m33">ReactJsSanityTest.TC13_PargoClothingLoggedInUserCheckOutE2ETest#verifyImagesOnPargoPage</h3><table class="result"><tr><th class="invisible"/></tr></table><p class="totop"><a href="#summary">back to summary</a></p>
<h3 id="m34">ReactJsSanityTest.TC14_BrandFilterTest#brandFilterTest</h3><table class="result"><tr><th class="invisible"/></tr></table><p class="totop"><a href="#summary">back to summary</a></p>
<h3 id="m35">ReactJsSanityTest.TC14_BrandFilterTest#verifyImagesOnBrandFilterPage</h3><table class="result"><tr><th class="invisible"/></tr></table><p class="totop"><a href="#summary">back to summary</a></p>
<h3 id="m36">ReactJsSanityTest.TC15_VerifyItemsInBagTest#verifyItemsInBag</h3><table class="result"><tr><th class="invisible"/></tr></table><p class="totop"><a href="#summary">back to summary</a></p>
<h3 id="m37">ReactJsSanityTest.TC16_AddItemToWishListTest#wishListTest</h3><table class="result"><tr><th class="invisible"/></tr></table><p class="totop"><a href="#summary">back to summary</a></p>
<h3 id="m38">ReactJsSanityTest.TC17_InstallmentCalcTest#installmentCalcTest</h3><table class="result"><tr><th class="invisible"/></tr></table><p class="totop"><a href="#summary">back to summary</a></p>
<h3 id="m39">ReactJsSanityTest.TC18_ContinueShoppingTest#clearKidsItemsFromBag</h3><table class="result"><tr><th class="invisible"/></tr></table><p class="totop"><a href="#summary">back to summary</a></p>
<h3 id="m40">ReactJsSanityTest.TC18_ContinueShoppingTest#continueShopping</h3><table class="result"><tr><th class="invisible"/></tr></table><p class="totop"><a href="#summary">back to summary</a></p>
<h3 id="m41">ReactJsSanityTest.TC18_ContinueShoppingTest#viewBagKidsTest</h3><table class="result"><tr><th class="invisible"/></tr></table><p class="totop"><a href="#summary">back to summary</a></p>
<h3 id="m42">ReactJsSanityTest.TC19_StoreLocatorTest#storeLocatorTest</h3><table class="result"><tr><th class="invisible"/></tr></table><p class="totop"><a href="#summary">back to summary</a></p>
<h3 id="m43">ReactJsSanityTest.TC19_StoreLocatorTest#verifyImagesOnStoreLocatorPage</h3><table class="result"><tr><th class="invisible"/></tr></table><p class="totop"><a href="#summary">back to summary</a></p>
<h3 id="m44">ReactJsSanityTest.TC21_GuestContinueWithoutLoggingInTest#continueWithoutLoggingInTest</h3><table class="result"><tr><th class="invisible"/></tr></table><p class="totop"><a href="#summary">back to summary</a></p>
<h3 id="m45">ReactJsSanityTest.TC23_SizeChatShoesTest#verifyImagesOnSizeChatPage</h3><table class="result"><tr><th class="invisible"/></tr></table><p class="totop"><a href="#summary">back to summary</a></p>
<h3 id="m46">ReactJsSanityTest.TC23_SizeChatShoesTest#verifySizeChatShoesTest</h3><table class="result"><tr><th class="invisible"/></tr></table><p class="totop"><a href="#summary">back to summary</a></p>
<h3 id="m47">ReactJsSanityTest.TC24_SizeChatClothingTest#verifySizeChatClothingTest</h3><table class="result"><tr><th class="invisible"/></tr></table><p class="totop"><a href="#summary">back to summary</a></p>
<h3 id="m48">ReactJsSanityTest.TC25_AddItemToCartGiftFlowersTest#addItemToCartTest</h3><table class="result"><tr><th class="invisible"/></tr></table><p class="totop"><a href="#summary">back to summary</a></p>
<h3 id="m49">ReactJsSanityTest.TC25_AddItemToCartGiftFlowersTest#verifyItemInCart</h3><table class="result"><tr><th class="invisible"/></tr></table><p class="totop"><a href="#summary">back to summary</a></p>
<h3 id="m50">ReactJsSanityTest.TC26_VerifyProductInformationTest#productInformationTest</h3><table class="result"><tr><th class="invisible"/></tr></table><p class="totop"><a href="#summary">back to summary</a></p>
<h3 id="m51">ReactJsSanityTest.TC27_ProductDeliveryInformationTest#paymentOptionsTest</h3><table class="result"><tr><th class="invisible"/></tr></table><p class="totop"><a href="#summary">back to summary</a></p>
<h3 id="m52">ReactJsSanityTest.TC27_ProductDeliveryInformationTest#productDeliveryInformationTest</h3><table class="result"><tr><th class="invisible"/></tr></table><p class="totop"><a href="#summary">back to summary</a></p>
<h3 id="m53">ReactJsSanityTest.TC27_ProductDeliveryInformationTest#returnsInformationTest</h3><table class="result"><tr><th class="invisible"/></tr></table><p class="totop"><a href="#summary">back to summary</a></p>
<h3 id="m54">ReactJsSanityTest.TC28_MyAccountVerifyWishListTest#removeItemFromWishListTest</h3><table class="result"><tr><th class="invisible"/></tr></table><p class="totop"><a href="#summary">back to summary</a></p>
<h3 id="m55">ReactJsSanityTest.TC28_MyAccountVerifyWishListTest#verifyWishListTest</h3><table class="result"><tr><th class="invisible"/></tr></table><p class="totop"><a href="#summary">back to summary</a></p>
<h3 id="m56">ReactJsSanityTest.TC29_AddSameItemToCartTwiceTest#addSameItemToCartAgain</h3><table class="result"><tr><th class="invisible"/></tr></table><p class="totop"><a href="#summary">back to summary</a></p>
<h3 id="m57">ReactJsSanityTest.TC29_AddSameItemToCartTwiceTest#addSameItemToCartTwiceTest</h3><table class="result"><tr><th class="invisible"/></tr></table><p class="totop"><a href="#summary">back to summary</a></p>
<h3 id="m58">ReactJsSanityTest.TC29_AddSameItemToCartTwiceTest#verifySameItemAddedTwiceInCart</h3><table class="result"><tr><th class="invisible"/></tr></table><p class="totop"><a href="#summary">back to summary</a></p>
<h3 id="m59">ReactJsSanityTest.TC30_LoginWithFacebookTest#loginViaFacebookTest</h3><table class="result"><tr><th>Messages</th></tr><tr><td><div class="messages">=====Redirected to Home Page Test Passed=====</div></td></tr></table><p class="totop"><a href="#summary">back to summary</a></p>
<h3 id="m60">ReactJsSanityTest.TC31_AddMultipleItemsToBagTest#addMultipleItemsToBagTest</h3><table class="result"><tr><th class="invisible"/></tr></table><p class="totop"><a href="#summary">back to summary</a></p>
<h3 id="m61">ReactJsSanityTest.TC31_AddMultipleItemsToBagTest#addOtherCategoryItemToBag</h3><table class="result"><tr><th class="invisible"/></tr></table><p class="totop"><a href="#summary">back to summary</a></p>
<h3 id="m62">ReactJsSanityTest.TC31_AddMultipleItemsToBagTest#validateMultipleItemsAddedInBag</h3><table class="result"><tr><th class="invisible"/></tr></table><p class="totop"><a href="#summary">back to summary</a></p>
<h3 id="m63">ReactJsSanityTest.TC31_AddMultipleItemsToBagTest#verifyMultipleItemsAddedInBag</h3><table class="result"><tr><th class="invisible"/></tr></table><p class="totop"><a href="#summary">back to summary</a></p>
<h3 id="m64">ReactJsSanityTest.TC32_MyProfileTest#verifyImagesOnPage</h3><table class="result"><tr><th class="invisible"/></tr></table><p class="totop"><a href="#summary">back to summary</a></p>
<h3 id="m65">ReactJsSanityTest.TC32_MyProfileTest#verifyMyProfileTest</h3><table class="result"><tr><th class="invisible"/></tr></table><p class="totop"><a href="#summary">back to summary</a></p>
<h3 id="m66">ReactJsSanityTest.TC33_MyAccountTest#verifyImagesOnPage</h3><table class="result"><tr><th class="invisible"/></tr></table><p class="totop"><a href="#summary">back to summary</a></p>
<h3 id="m67">ReactJsSanityTest.TC33_MyAccountTest#verifyMyAccountTest</h3><table class="result"><tr><th class="invisible"/></tr></table><p class="totop"><a href="#summary">back to summary</a></p>
<h3 id="m68">ReactJsSanityTest.TC34_MyAddressTest#verifyImagesOnPage</h3><table class="result"><tr><th class="invisible"/></tr></table><p class="totop"><a href="#summary">back to summary</a></p>
<h3 id="m69">ReactJsSanityTest.TC34_MyAddressTest#verifyMyAddressTest</h3><table class="result"><tr><th class="invisible"/></tr></table><p class="totop"><a href="#summary">back to summary</a></p>
<h3 id="m70">ReactJsSanityTest.TC35_MyRewardsTest#verifyImagesOnPage</h3><table class="result"><tr><th class="invisible"/></tr></table><p class="totop"><a href="#summary">back to summary</a></p>
<h3 id="m71">ReactJsSanityTest.TC35_MyRewardsTest#verifyMyRewardsTest</h3><table class="result"><tr><th class="invisible"/></tr></table><p class="totop"><a href="#summary">back to summary</a></p>
<h3 id="m72">ReactJsSanityTest.TC36_ClothingCollectFromStoreLoggedInUserTest#verifyClothingImagesOnPage</h3><table class="result"><tr><th class="invisible"/></tr></table><p class="totop"><a href="#summary">back to summary</a></p>
<h3 id="m73">ReactJsSanityTest.TC37_FurnitureCollectFromStoreGuestCheckOutTest#verifyFurnitureImagesOnPage</h3><table class="result"><tr><th class="invisible"/></tr></table><p class="totop"><a href="#summary">back to summary</a></p>
<h3 id="m74">ReactJsSanityTest.TC38_LoginForgotPasswordTest#verifyImagesOnLoginPage</h3><table class="result"><tr><th class="invisible"/></tr></table><p class="totop"><a href="#summary">back to summary</a></p>
<h3 id="m75">ReactJsSanityTest.TC38_LoginForgotPasswordTest#verifyLoginForgotPasswordTest</h3><table class="result"><tr><th class="invisible"/></tr></table><p class="totop"><a href="#summary">back to summary</a></p>
<h3 id="m76">ReactJsSanityTest.TC39_RegisterNewOnlineProfileCardForgorPasswordTest#verifyImagesOnLoginPage</h3><table class="result"><tr><th class="invisible"/></tr></table><p class="totop"><a href="#summary">back to summary</a></p>
<h3 id="m77">ReactJsSanityTest.TC41_LoggedInUserPlaceOrderForTVTest#verifyImagesOnTvPage</h3><table class="result"><tr><th class="invisible"/></tr></table><p class="totop"><a href="#summary">back to summary</a></p>
</body>
</html>
